<?xml version="1.0" encoding="UTF-8"?>
<!-- Generated by org.testng.reporters.JUnitXMLReporter -->
<testsuite hostname="Prashant" ignored="0" name="Test" tests="4" failures="0" timestamp="08 May 2020 11:22:56 GMT" time="0.041" errors="0">
  <testcase name="BrowserAutomation" time="0.015" classname="qaclickacademy.SeleniumTest"/>
  <testcase name="ElementUI" time="0.0" classname="qaclickacademy.SeleniumTest"/>
  <testcase name="PostJIRA" time="0.0" classname="qaclickacademy.RESTAPITest"/>
  <testcase name="TiwtterDelete" time="0.0" classname="qaclickacademy.RESTAPITest"/>
</testsuite> <!-- Test -->
