<?xml version="1.0" encoding="UTF-8"?>
<testng-results skipped="0" failed="0" ignored="0" total="4" passed="4">
  <reporter-output>
  </reporter-output>
  <suite name="Suite" duration-ms="41" started-at="2020-05-08T11:22:56Z" finished-at="2020-05-08T11:22:56Z">
    <groups>
    </groups>
    <test name="Test" duration-ms="41" started-at="2020-05-08T11:22:56Z" finished-at="2020-05-08T11:22:56Z">
      <class name="qaclickacademy.RESTAPITest">
        <test-method status="PASS" signature="PostJIRA()[pri:0, instance:qaclickacademy.RESTAPITest@2c9f9fb0]" name="PostJIRA" duration-ms="0" started-at="2020-05-08T16:52:56Z" finished-at="2020-05-08T16:52:56Z">
          <reporter-output>
          </reporter-output>
        </test-method> <!-- PostJIRA -->
        <test-method status="PASS" signature="TiwtterDelete()[pri:0, instance:qaclickacademy.RESTAPITest@2c9f9fb0]" name="TiwtterDelete" duration-ms="0" started-at="2020-05-08T16:52:56Z" finished-at="2020-05-08T16:52:56Z">
          <reporter-output>
          </reporter-output>
        </test-method> <!-- TiwtterDelete -->
      </class> <!-- qaclickacademy.RESTAPITest -->
      <class name="qaclickacademy.SeleniumTest">
        <test-method status="PASS" signature="BrowserAutomation()[pri:0, instance:qaclickacademy.SeleniumTest@531be3c5]" name="BrowserAutomation" duration-ms="15" started-at="2020-05-08T16:52:56Z" finished-at="2020-05-08T16:52:56Z">
          <reporter-output>
          </reporter-output>
        </test-method> <!-- BrowserAutomation -->
        <test-method status="PASS" signature="ElementUI()[pri:0, instance:qaclickacademy.SeleniumTest@531be3c5]" name="ElementUI" duration-ms="0" started-at="2020-05-08T16:52:56Z" finished-at="2020-05-08T16:52:56Z">
          <reporter-output>
          </reporter-output>
        </test-method> <!-- ElementUI -->
      </class> <!-- qaclickacademy.SeleniumTest -->
    </test> <!-- Test -->
  </suite> <!-- Suite -->
</testng-results>
